Arguments: 
  C:\Program Files\nodejs\node.exe C:\Users\m_ayc\AppData\Roaming\npm\node_modules\yarn\bin\yarn.js add serve

PATH: 
  C:\Users\m_ayc\bin;C:\Program Files\Git\mingw64\bin;C:\Program Files\Git\usr\local\bin;C:\Program Files\Git\usr\bin;C:\Program Files\Git\usr\bin;C:\Program Files\Git\mingw64\bin;C:\Program Files\Git\usr\bin;C:\Users\m_ayc\bin;C:\Program Files\Common Files\Oracle\Java\javapath;C:\Program Files (x86)\Common Files\Oracle\Java\javapath;C:\Python39\Scripts;C:\Python39;C:\WINDOWS\system32;C:\WINDOWS;C:\WINDOWS\System32\Wbem;C:\WINDOWS\System32\WindowsPowerShell\v1.0;C:\WINDOWS\System32\OpenSSH;C:\ProgramData\chocolatey\bin;C:\Program Files\Git\cmd;C:\Program Files\nodejs;C:\Program Files\OpenJDK\openjdk-8u292-b10\bin;C:\Users\m_ayc\AppData\Local\Microsoft\WindowsApps;C:\Users\m_ayc\AppData\Local\Programs\Microsoft VS Code\bin;C:\src\flutter\bin;C:\Users\m_ayc\AppData\Roaming\npm;C:\Users\m_ayc\AppData\Local\Android\Sdk;C:\Program Files\Git\usr\bin\vendor_perl;C:\Program Files\Git\usr\bin\core_perl

Yarn version: 
  1.22.10

Node version: 
  16.3.0

Platform: 
  win32 x64

Trace: 
  SyntaxError: C:\Users\m_ayc\Desktop\dev\retos\game\frontend\package.json: Unexpected end of JSON input
      at JSON.parse (<anonymous>)
      at C:\Users\m_ayc\AppData\Roaming\npm\node_modules\yarn\lib\cli.js:1625:59
      at Generator.next (<anonymous>)
      at step (C:\Users\m_ayc\AppData\Roaming\npm\node_modules\yarn\lib\cli.js:310:30)
      at C:\Users\m_ayc\AppData\Roaming\npm\node_modules\yarn\lib\cli.js:321:13

npm manifest: 
  

yarn manifest: 
  No manifest

Lockfile: 
  No lockfile
